e:\心理学\心理课程文件\短学期\leapmotion项目\leap\preexp\预实验最终版\leapmotionexp\debug\leapmotionexp.pch
e:\心理学\心理课程文件\短学期\leapmotion项目\leap\preexp\预实验最终版\leapmotionexp\debug\vc140.pdb
e:\心理学\心理课程文件\短学期\leapmotion项目\leap\preexp\预实验最终版\leapmotionexp\debug\vc140.idb
e:\心理学\心理课程文件\短学期\leapmotion项目\leap\preexp\预实验最终版\leapmotionexp\debug\stdafx.obj
e:\心理学\心理课程文件\短学期\leapmotion项目\leap\preexp\预实验最终版\leapmotionexp\debug\leapdata.obj
e:\心理学\心理课程文件\短学期\leapmotion项目\leap\preexp\预实验最终版\leapmotionexp\debug\leapmotionexp.obj
e:\心理学\心理课程文件\短学期\leapmotion项目\leap\preexp\预实验最终版\leapmotionexp\debug\leapmotionexpdlg.obj
e:\心理学\心理课程文件\短学期\leapmotion项目\leap\preexp\预实验最终版\leapmotionexp\debug\login.obj
e:\心理学\心理课程文件\短学期\leapmotion项目\leap\preexp\预实验最终版\leapmotionexp\debug\tipdlg.obj
e:\心理学\心理课程文件\短学期\leapmotion项目\leap\formalexp\formaltest\leapmotionexp\debug\leapmotionexp.pch
e:\心理学\心理课程文件\短学期\leapmotion项目\leap\formalexp\formaltest\leapmotionexp\debug\vc140.pdb
e:\心理学\心理课程文件\短学期\leapmotion项目\leap\formalexp\formaltest\leapmotionexp\debug\vc140.idb
e:\心理学\心理课程文件\短学期\leapmotion项目\leap\formalexp\formaltest\leapmotionexp\debug\stdafx.obj
e:\心理学\心理课程文件\短学期\leapmotion项目\leap\formalexp\formaltest\leapmotionexp\debug\leapdata.obj
e:\心理学\心理课程文件\短学期\leapmotion项目\leap\formalexp\formaltest\leapmotionexp\debug\leapmotionexp.obj
e:\心理学\心理课程文件\短学期\leapmotion项目\leap\formalexp\formaltest\leapmotionexp\debug\leapmotionexpdlg.obj
e:\心理学\心理课程文件\短学期\leapmotion项目\leap\formalexp\formaltest\leapmotionexp\debug\login.obj
e:\心理学\心理课程文件\短学期\leapmotion项目\leap\formalexp\formaltest\leapmotionexp\debug\tipdlg.obj
e:\心理学\心理课程文件\短学期\leapmotion项目\leap\preexp\预实验最终版\debug\leapmotionexp.ilk
e:\心理学\心理课程文件\短学期\leapmotion项目\leap\preexp\预实验最终版\debug\leapmotionexp.exe
e:\心理学\心理课程文件\短学期\leapmotion项目\leap\preexp\预实验最终版\debug\leapmotionexp.pdb
e:\心理学\心理课程文件\短学期\leapmotion项目\leap\formalexp\formaltest\debug\leapmotionexp.ilk
e:\心理学\心理课程文件\短学期\leapmotion项目\leap\formalexp\formaltest\debug\leapmotionexp.exe
e:\心理学\心理课程文件\短学期\leapmotion项目\leap\formalexp\formaltest\debug\leapmotionexp.pdb
e:\心理学\心理课程文件\短学期\leapmotion项目\leap\preexp\预实验最终版\leapmotionexp\debug\leapmotionexp.res
e:\心理学\心理课程文件\短学期\leapmotion项目\leap\formalexp\formaltest\leapmotionexp\debug\leapmotionexp.res
e:\心理学\心理课程文件\短学期\leapmotion项目\leap\formalexp\formaltest\leapmotionexp\debug\leapmotionexpdlg.obj.enc
e:\心理学\心理课程文件\短学期\leapmotion项目\leap\formalexp\formaltest\leapmotionexp\debug\leapmotionexp.tlog\cl.command.1.tlog
e:\心理学\心理课程文件\短学期\leapmotion项目\leap\formalexp\formaltest\leapmotionexp\debug\leapmotionexp.tlog\cl.read.1.tlog
e:\心理学\心理课程文件\短学期\leapmotion项目\leap\formalexp\formaltest\leapmotionexp\debug\leapmotionexp.tlog\cl.write.1.tlog
e:\心理学\心理课程文件\短学期\leapmotion项目\leap\formalexp\formaltest\leapmotionexp\debug\leapmotionexp.tlog\link.command.1.tlog
e:\心理学\心理课程文件\短学期\leapmotion项目\leap\formalexp\formaltest\leapmotionexp\debug\leapmotionexp.tlog\link.read.1.tlog
e:\心理学\心理课程文件\短学期\leapmotion项目\leap\formalexp\formaltest\leapmotionexp\debug\leapmotionexp.tlog\link.write.1.tlog
e:\心理学\心理课程文件\短学期\leapmotion项目\leap\formalexp\formaltest\leapmotionexp\debug\leapmotionexp.tlog\rc.command.1.tlog
e:\心理学\心理课程文件\短学期\leapmotion项目\leap\formalexp\formaltest\leapmotionexp\debug\leapmotionexp.tlog\rc.read.1.tlog
e:\心理学\心理课程文件\短学期\leapmotion项目\leap\formalexp\formaltest\leapmotionexp\debug\leapmotionexp.tlog\rc.write.1.tlog
