  LeapMotionExp.cpp
e:\心理学\心理课程文件\短学期\leapmotion项目\leap\formalexp\formaltest\leapmotionexp\LeapMotionExpDlg.h(61): warning C4305: “初始化”: 从“double”到“float”截断
  LeapMotionExpDlg.cpp
e:\心理学\心理课程文件\短学期\leapmotion项目\leap\formalexp\formaltest\leapmotionexp\LeapMotionExpDlg.h(61): warning C4305: “初始化”: 从“double”到“float”截断
LeapMotionExpDlg.cpp(73): warning C4244: “初始化”: 从“int”转换到“float”，可能丢失数据
LeapMotionExpDlg.cpp(74): warning C4244: “初始化”: 从“int”转换到“float”，可能丢失数据
LeapMotionExpDlg.cpp(108): warning C4244: “初始化”: 从“int”转换到“float”，可能丢失数据
LeapMotionExpDlg.cpp(109): warning C4244: “初始化”: 从“int”转换到“float”，可能丢失数据
LeapMotionExpDlg.cpp(182): warning C4244: “=”: 从“float”转换到“LONG”，可能丢失数据
LeapMotionExpDlg.cpp(183): warning C4244: “=”: 从“float”转换到“LONG”，可能丢失数据
LeapMotionExpDlg.cpp(192): warning C4244: “初始化”: 从“int”转换到“float”，可能丢失数据
LeapMotionExpDlg.cpp(241): warning C4244: “参数”: 从“float”转换到“int”，可能丢失数据
LeapMotionExpDlg.cpp(254): warning C4244: “=”: 从“float”转换到“int”，可能丢失数据
LeapMotionExpDlg.cpp(256): warning C4244: “=”: 从“float”转换到“int”，可能丢失数据
LeapMotionExpDlg.cpp(258): warning C4244: “参数”: 从“float”转换到“int”，可能丢失数据
LeapMotionExpDlg.cpp(341): warning C4244: “=”: 从“double”转换到“float”，可能丢失数据
LeapMotionExpDlg.cpp(342): warning C4244: “=”: 从“double”转换到“float”，可能丢失数据
LeapMotionExpDlg.cpp(348): warning C4244: “=”: 从“float”转换到“int”，可能丢失数据
LeapMotionExpDlg.cpp(363): warning C4244: “=”: 从“int”转换到“float”，可能丢失数据
LeapMotionExpDlg.cpp(367): warning C4244: “参数”: 从“float”转换到“int”，可能丢失数据
LeapMotionExpDlg.cpp(381): warning C4244: “=”: 从“int”转换到“float”，可能丢失数据
LeapMotionExpDlg.cpp(385): warning C4244: “参数”: 从“float”转换到“int”，可能丢失数据
LeapMotionExpDlg.cpp(408): warning C4244: “=”: 从“int”转换到“float”，可能丢失数据
LeapMotionExpDlg.cpp(456): warning C4244: “=”: 从“float”转换到“LONG”，可能丢失数据
LeapMotionExpDlg.cpp(457): warning C4244: “=”: 从“float”转换到“LONG”，可能丢失数据
LeapMotionExpDlg.cpp(466): warning C4244: “初始化”: 从“int”转换到“float”，可能丢失数据
LeapMotionExpDlg.cpp(515): warning C4244: “参数”: 从“float”转换到“int”，可能丢失数据
LeapMotionExpDlg.cpp(528): warning C4244: “=”: 从“float”转换到“int”，可能丢失数据
LeapMotionExpDlg.cpp(530): warning C4244: “=”: 从“float”转换到“int”，可能丢失数据
LeapMotionExpDlg.cpp(532): warning C4244: “参数”: 从“float”转换到“int”，可能丢失数据
LeapMotionExpDlg.cpp(615): warning C4244: “=”: 从“double”转换到“float”，可能丢失数据
LeapMotionExpDlg.cpp(616): warning C4244: “=”: 从“double”转换到“float”，可能丢失数据
LeapMotionExpDlg.cpp(622): warning C4244: “=”: 从“float”转换到“int”，可能丢失数据
LeapMotionExpDlg.cpp(637): warning C4244: “=”: 从“int”转换到“float”，可能丢失数据
LeapMotionExpDlg.cpp(641): warning C4244: “参数”: 从“float”转换到“int”，可能丢失数据
LeapMotionExpDlg.cpp(655): warning C4244: “=”: 从“int”转换到“float”，可能丢失数据
LeapMotionExpDlg.cpp(659): warning C4244: “参数”: 从“float”转换到“int”，可能丢失数据
LeapMotionExpDlg.cpp(682): warning C4244: “=”: 从“int”转换到“float”，可能丢失数据
LeapMotionExpDlg.cpp(877): warning C4244: “初始化”: 从“int”转换到“FLOAT”，可能丢失数据
LeapMotionExpDlg.cpp(879): warning C4244: “=”: 从“double”转换到“int”，可能丢失数据
LeapMotionExpDlg.cpp(880): warning C4244: “=”: 从“double”转换到“int”，可能丢失数据
LeapMotionExpDlg.cpp(881): warning C4244: “=”: 从“double”转换到“int”，可能丢失数据
LeapMotionExpDlg.cpp(882): warning C4244: “=”: 从“double”转换到“int”，可能丢失数据
LeapMotionExpDlg.cpp(884): warning C4244: “=”: 从“double”转换到“int”，可能丢失数据
LeapMotionExpDlg.cpp(885): warning C4244: “=”: 从“double”转换到“int”，可能丢失数据
LeapMotionExpDlg.cpp(886): warning C4244: “=”: 从“double”转换到“int”，可能丢失数据
LeapMotionExpDlg.cpp(887): warning C4244: “=”: 从“double”转换到“int”，可能丢失数据
LeapMotionExpDlg.cpp(906): warning C4244: “参数”: 从“double”转换到“int”，可能丢失数据
LeapMotionExpDlg.cpp(923): warning C4244: “=”: 从“int”转换到“float”，可能丢失数据
LeapMotionExpDlg.cpp(924): warning C4244: “=”: 从“int”转换到“float”，可能丢失数据
LeapMotionExpDlg.cpp(925): warning C4244: “=”: 从“int”转换到“float”，可能丢失数据
LeapMotionExpDlg.cpp(926): warning C4244: “=”: 从“int”转换到“float”，可能丢失数据
LeapMotionExpDlg.cpp(928): warning C4244: “=”: 从“int”转换到“float”，可能丢失数据
LeapMotionExpDlg.cpp(929): warning C4244: “=”: 从“int”转换到“float”，可能丢失数据
LeapMotionExpDlg.cpp(930): warning C4244: “=”: 从“int”转换到“float”，可能丢失数据
LeapMotionExpDlg.cpp(931): warning C4244: “=”: 从“int”转换到“float”，可能丢失数据
LeapMotionExpDlg.cpp(933): warning C4244: “=”: 从“int”转换到“float”，可能丢失数据
LeapMotionExpDlg.cpp(934): warning C4244: “=”: 从“int”转换到“float”，可能丢失数据
LeapMotionExpDlg.cpp(935): warning C4244: “=”: 从“double”转换到“float”，可能丢失数据
LeapMotionExpDlg.cpp(936): warning C4244: “=”: 从“double”转换到“float”，可能丢失数据
LeapMotionExpDlg.cpp(937): warning C4244: “=”: 从“double”转换到“float”，可能丢失数据
LeapMotionExpDlg.cpp(938): warning C4244: “=”: 从“double”转换到“float”，可能丢失数据
LeapMotionExpDlg.cpp(939): warning C4244: “=”: 从“double”转换到“float”，可能丢失数据
LeapMotionExpDlg.cpp(940): warning C4244: “=”: 从“double”转换到“float”，可能丢失数据
LeapMotionExpDlg.cpp(941): warning C4244: “=”: 从“double”转换到“float”，可能丢失数据
LeapMotionExpDlg.cpp(942): warning C4244: “=”: 从“double”转换到“float”，可能丢失数据
LeapMotionExpDlg.cpp(969): warning C4244: “参数”: 从“float”转换到“int”，可能丢失数据
LeapMotionExpDlg.cpp(972): warning C4244: “参数”: 从“float”转换到“int”，可能丢失数据
LeapMotionExpDlg.cpp(973): warning C4244: “参数”: 从“float”转换到“int”，可能丢失数据
LeapMotionExpDlg.cpp(975): warning C4244: “参数”: 从“int”转换到“float”，可能丢失数据
LeapMotionExpDlg.cpp(987): warning C4244: “参数”: 从“double”转换到“int”，可能丢失数据
LeapMotionExpDlg.cpp(999): warning C4244: “=”: 从“int”转换到“float”，可能丢失数据
LeapMotionExpDlg.cpp(1000): warning C4244: “=”: 从“int”转换到“float”，可能丢失数据
LeapMotionExpDlg.cpp(1001): warning C4244: “=”: 从“int”转换到“float”，可能丢失数据
LeapMotionExpDlg.cpp(1002): warning C4244: “=”: 从“int”转换到“float”，可能丢失数据
LeapMotionExpDlg.cpp(1009): warning C4244: “参数”: 从“float”转换到“int”，可能丢失数据
LeapMotionExpDlg.cpp(1017): warning C4244: “初始化”: 从“double”转换到“float”，可能丢失数据
LeapMotionExpDlg.cpp(1024): warning C4244: “return”: 从“double”转换到“float”，可能丢失数据
  leapdata.cpp
e:\心理学\心理课程文件\短学期\leapmotion项目\leap\formalexp\formaltest\leapmotionexp\LeapMotionExpDlg.h(61): warning C4305: “初始化”: 从“double”到“float”截断
leapdata.cpp(59): warning C4244: “=”: 从“double”转换到“float”，可能丢失数据
leapdata.cpp(60): warning C4244: “=”: 从“double”转换到“float”，可能丢失数据
leapdata.cpp(67): warning C4244: “=”: 从“int”转换到“float”，可能丢失数据
  正在生成代码
  2 of 512 functions ( 0.4%) were compiled, the rest were copied from previous compilation.
    0 functions were new in current compilation
    2 functions had inline decision re-evaluated but remain unchanged
  已完成代码的生成
  LeapMotionExp.vcxproj -> E:\心理学\心理课程文件\短学期\leapmotion项目\leap\FormalExp\formaltest\Release\LeapMotionExp.exe
  LeapMotionExp.vcxproj -> E:\心理学\心理课程文件\短学期\leapmotion项目\leap\FormalExp\formaltest\Release\LeapMotionExp.pdb (Full PDB)
  E:\心理学\心理课程文件\短学期\程序开发\Leap_Motion_SDK_Windows_2.3.1\LeapDeveloperKit_2.3.1+31549_win\LeapSDK\lib\x86\Leap.dll
  复制了 1 个文件
  E:\心理学\心理课程文件\短学期\程序开发\Leap_Motion_SDK_Windows_2.3.1\LeapDeveloperKit_2.3.1+31549_win\LeapSDK\lib\x86\msvcp120.dll
  复制了 1 个文件
  E:\心理学\心理课程文件\短学期\程序开发\Leap_Motion_SDK_Windows_2.3.1\LeapDeveloperKit_2.3.1+31549_win\LeapSDK\lib\x86\msvcr120.dll
  复制了 1 个文件
